# JRE version: Java(TM) SE Runtime Environment (7.0_51-b13) (build 1.7.0_51-b13)
# Java VM: Java HotSpot(TM) Client VM (24.51-b03 mixed mode windows-x86 )
Heap
 def new generation   total 25280K, used 20759K [0x044d0000, 0x06030000, 0x09a20000)
  eden space 22528K,  89% used [0x044d0000, 0x0586fe68, 0x05ad0000)
  from space 2752K,  24% used [0x05d80000, 0x05e25ef8, 0x06030000)
  to   space 2752K,   0% used [0x05ad0000, 0x05ad0000, 0x05d80000)
 tenured generation   total 55944K, used 33565K [0x09a20000, 0x0d0c2000, 0x144d0000)
   the space 55944K,  59% used [0x09a20000, 0x0bae7468, 0x0bae7600, 0x0d0c2000)
 compacting perm gen  total 28672K, used 28485K [0x144d0000, 0x160d0000, 0x184d0000)
   the space 28672K,  99% used [0x144d0000, 0x160a1418, 0x160a1600, 0x160d0000)
GC Heap History (10 events):
Event: 29.920 GC heap before
{Heap before GC invocations=92 (full 9):
 def new generation   total 25088K, used 25088K [0x044d0000, 0x06000000, 0x09a20000)
  eden space 22336K, 100% used [0x044d0000, 0x05aa0000, 0x05aa0000)
  from space 2752K, 100% used [0x05d50000, 0x06000000, 0x06000000)
  to   space 2752K,   0% used [0x05aa0000, 0x05aa0000, 0x05d50000)
 tenured generation   total 55572K, used 31296K [0x09a20000, 0x0d065000, 0x144d0000)
   the space 55572K,  56% used [0x09a20000, 0x0b8b0350, 0x0b8b0400, 0x0d065000)
 compacting perm gen  total 25856K, used 25723K [0x144d0000, 0x15e10000, 0x184d0000)
   the space 25856K,  99% used [0x144d0000, 0x15deeee0, 0x15def000, 0x15e10000)
No shared spaces configured.
Event: 29.928 GC heap after
Heap after GC invocations=93 (full 9):
 def new generation   total 25088K, used 1026K [0x044d0000, 0x06000000, 0x09a20000)
  eden space 22336K,   0% used [0x044d0000, 0x044d0000, 0x05aa0000)
  from space 2752K,  37% used [0x05aa0000, 0x05ba08a0, 0x05d50000)
  to   space 2752K,   0% used [0x05d50000, 0x05d50000, 0x06000000)
 tenured generation   total 55572K, used 34042K [0x09a20000, 0x0d065000, 0x144d0000)
   the space 55572K,  61% used [0x09a20000, 0x0bb5eb80, 0x0bb5ec00, 0x0d065000)
 compacting perm gen  total 25856K, used 25723K [0x144d0000, 0x15e10000, 0x184d0000)
   the space 25856K,  99% used [0x144d0000, 0x15deeee0, 0x15def000, 0x15e10000)
No shared spaces configured.
}
Event: 30.522 GC heap before
{Heap before GC invocations=93 (full 9):
 def new generation   total 25088K, used 23362K [0x044d0000, 0x06000000, 0x09a20000)
  eden space 22336K, 100% used [0x044d0000, 0x05aa0000, 0x05aa0000)
  from space 2752K,  37% used [0x05aa0000, 0x05ba08a0, 0x05d50000)
  to   space 2752K,   0% used [0x05d50000, 0x05d50000, 0x06000000)
 tenured generation   total 55572K, used 34042K [0x09a20000, 0x0d065000, 0x144d0000)
   the space 55572K,  61% used [0x09a20000, 0x0bb5eb80, 0x0bb5ec00, 0x0d065000)
 compacting perm gen  total 26624K, used 26375K [0x144d0000, 0x15ed0000, 0x184d0000)
   the space 26624K,  99% used [0x144d0000, 0x15e91c50, 0x15e91e00, 0x15ed0000)
No shared spaces configured.
Event: 30.534 GC heap after
Heap after GC invocations=94 (full 9):
 def new generation   total 25088K, used 2751K [0x044d0000, 0x06000000, 0x09a20000)
  eden space 22336K,   0% used [0x044d0000, 0x044d0000, 0x05aa0000)
  from space 2752K,  99% used [0x05d50000, 0x05fffff8, 0x06000000)
  to   space 2752K,   0% used [0x05aa0000, 0x05aa0000, 0x05d50000)
 tenured generation   total 55572K, used 34093K [0x09a20000, 0x0d065000, 0x144d0000)
   the space 55572K,  61% used [0x09a20000, 0x0bb6b5c0, 0x0bb6b600, 0x0d065000)
 compacting perm gen  total 26624K, used 26375K [0x144d0000, 0x15ed0000, 0x184d0000)
   the space 26624K,  99% used [0x144d0000, 0x15e91c50, 0x15e91e00, 0x15ed0000)
No shared spaces configured.
}
Event: 211.945 GC heap before
{Heap before GC invocations=94 (full 9):
 def new generation   total 25088K, used 25087K [0x044d0000, 0x06000000, 0x09a20000)
  eden space 22336K, 100% used [0x044d0000, 0x05aa0000, 0x05aa0000)
  from space 2752K,  99% used [0x05d50000, 0x05fffff8, 0x06000000)
  to   space 2752K,   0% used [0x05aa0000, 0x05aa0000, 0x05d50000)
 tenured generation   total 55572K, used 34093K [0x09a20000, 0x0d065000, 0x144d0000)
   the space 55572K,  61% used [0x09a20000, 0x0bb6b5c0, 0x0bb6b600, 0x0d065000)
 compacting perm gen  total 28160K, used 28000K [0x144d0000, 0x16050000, 0x184d0000)
   the space 28160K,  99% used [0x144d0000, 0x16028298, 0x16028400, 0x16050000)
No shared spaces configured.
Event: 211.961 GC heap after
Heap after GC invocations=95 (full 9):
 def new generation   total 25088K, used 2751K [0x044d0000, 0x06000000, 0x09a20000)
  eden space 22336K,   0% used [0x044d0000, 0x044d0000, 0x05aa0000)
  from space 2752K,  99% used [0x05aa0000, 0x05d4fff8, 0x05d50000)
  to   space 2752K,   0% used [0x05d50000, 0x05d50000, 0x06000000)
 tenured generation   total 55572K, used 36291K [0x09a20000, 0x0d065000, 0x144d0000)
   the space 55572K,  65% used [0x09a20000, 0x0bd90cc8, 0x0bd90e00, 0x0d065000)
 compacting perm gen  total 28160K, used 28000K [0x144d0000, 0x16050000, 0x184d0000)
   the space 28160K,  99% used [0x144d0000, 0x16028298, 0x16028400, 0x16050000)
No shared spaces configured.
}
Event: 212.301 GC heap before
{Heap before GC invocations=95 (full 9):
 def new generation   total 25088K, used 4973K [0x044d0000, 0x06000000, 0x09a20000)
  eden space 22336K,   9% used [0x044d0000, 0x046fb620, 0x05aa0000)
  from space 2752K,  99% used [0x05aa0000, 0x05d4fff8, 0x05d50000)
  to   space 2752K,   0% used [0x05d50000, 0x05d50000, 0x06000000)
 tenured generation   total 55572K, used 36291K [0x09a20000, 0x0d065000, 0x144d0000)
   the space 55572K,  65% used [0x09a20000, 0x0bd90cc8, 0x0bd90e00, 0x0d065000)
 compacting perm gen  total 28160K, used 28159K [0x144d0000, 0x16050000, 0x184d0000)
   the space 28160K,  99% used [0x144d0000, 0x1604ff90, 0x16050000, 0x16050000)
No shared spaces configured.
Event: 212.445 GC heap after
Heap after GC invocations=96 (full 10):
 def new generation   total 25280K, used 0K [0x044d0000, 0x06030000, 0x09a20000)
  eden space 22528K,   0% used [0x044d0000, 0x044d0000, 0x05ad0000)
  from space 2752K,   0% used [0x05ad0000, 0x05ad0000, 0x05d80000)
  to   space 2752K,   0% used [0x05d80000, 0x05d80000, 0x06030000)
 tenured generation   total 55944K, used 33565K [0x09a20000, 0x0d0c2000, 0x144d0000)
   the space 55944K,  59% used [0x09a20000, 0x0bae7468, 0x0bae7600, 0x0d0c2000)
 compacting perm gen  total 28160K, used 28159K [0x144d0000, 0x16050000, 0x184d0000)
   the space 28160K,  99% used [0x144d0000, 0x1604ff90, 0x16050000, 0x16050000)
No shared spaces configured.
}
Event: 247.009 GC heap before
{Heap before GC invocations=96 (full 10):
 def new generation   total 25280K, used 22528K [0x044d0000, 0x06030000, 0x09a20000)
  eden space 22528K, 100% used [0x044d0000, 0x05ad0000, 0x05ad0000)
  from space 2752K,   0% used [0x05ad0000, 0x05ad0000, 0x05d80000)
  to   space 2752K,   0% used [0x05d80000, 0x05d80000, 0x06030000)
 tenured generation   total 55944K, used 33565K [0x09a20000, 0x0d0c2000, 0x144d0000)
   the space 55944K,  59% used [0x09a20000, 0x0bae7468, 0x0bae7600, 0x0d0c2000)
 compacting perm gen  total 28672K, used 28473K [0x144d0000, 0x160d0000, 0x184d0000)
   the space 28672K,  99% used [0x144d0000, 0x1609e460, 0x1609e600, 0x160d0000)
No shared spaces configured.
Event: 247.019 GC heap after
Heap after GC invocations=97 (full 10):
 def new generation   total 25280K, used 663K [0x044d0000, 0x06030000, 0x09a20000)
  eden space 22528K,   0% used [0x044d0000, 0x044d0000, 0x05ad0000)
  from space 2752K,  24% used [0x05d80000, 0x05e25ef8, 0x06030000)
  to   space 2752K,   0% used [0x05ad0000, 0x05ad0000, 0x05d80000)
 tenured generation   total 55944K, used 33565K [0x09a20000, 0x0d0c2000, 0x144d0000)
   the space 55944K,  59% used [0x09a20000, 0x0bae7468, 0x0bae7600, 0x0d0c2000)
 compacting perm gen  total 28672K, used 28473K [0x144d0000, 0x160d0000, 0x184d0000)
   the space 28672K,  99% used [0x144d0000, 0x1609e460, 0x1609e600, 0x160d0000)
No shared spaces configured.
}

